============================= test session starts ==============================
platform linux -- Python 3.11.2, pytest-9.0.3, pluggy-1.6.0 -- /usr/bin/python3
cachedir: .pytest_cache
rootdir: /tmp/routine-team-reviewer
plugins: anyio-4.13.0
collecting ... collected 44 items

server-python/tests/test_auth.py::test_signup_success PASSED             [  2%]
server-python/tests/test_auth.py::test_signup_missing_email PASSED       [  4%]
server-python/tests/test_auth.py::test_signup_missing_password PASSED    [  6%]
server-python/tests/test_auth.py::test_signup_short_password PASSED      [  9%]
server-python/tests/test_auth.py::test_signup_duplicate_email PASSED     [ 11%]
server-python/tests/test_auth.py::test_login_success PASSED              [ 13%]
server-python/tests/test_auth.py::test_login_wrong_password PASSED       [ 15%]
server-python/tests/test_auth.py::test_login_nonexistent_user PASSED     [ 18%]
server-python/tests/test_auth.py::test_me_with_valid_token PASSED        [ 20%]
server-python/tests/test_auth.py::test_me_without_token PASSED           [ 22%]
server-python/tests/test_auth.py::test_profile_update PASSED             [ 25%]
server-python/tests/test_auth.py::test_verify_email_valid_token PASSED   [ 27%]
server-python/tests/test_auth.py::test_verify_email_invalid_token PASSED [ 29%]
server-python/tests/test_chat.py::test_list_sessions PASSED              [ 31%]
server-python/tests/test_chat.py::test_get_history PASSED                [ 34%]
server-python/tests/test_chat.py::test_get_history_missing_session PASSED [ 36%]
server-python/tests/test_chat.py::test_send_message PASSED               [ 38%]
server-python/tests/test_chat.py::test_send_message_empty PASSED         [ 40%]
server-python/tests/test_cognitive.py::test_init_profile_success PASSED  [ 43%]
server-python/tests/test_cognitive.py::test_init_profile_already_exists PASSED [ 45%]
server-python/tests/test_cognitive.py::test_init_profile_unauthenticated PASSED [ 47%]
server-python/tests/test_cognitive.py::test_init_wrong_response_count PASSED [ 50%]
server-python/tests/test_cognitive.py::test_get_profile_success PASSED   [ 52%]
server-python/tests/test_cognitive.py::test_get_profile_not_found PASSED [ 54%]
server-python/tests/test_cognitive.py::test_init_dimensions_correct_keys PASSED [ 56%]
server-python/tests/test_cognitive.py::test_init_option_signals PASSED   [ 59%]
server-python/tests/test_cognitive.py::test_init_law3_penalty PASSED     [ 61%]
server-python/tests/test_curriculum.py::test_save_curriculum PASSED      [ 63%]
server-python/tests/test_curriculum.py::test_save_curriculum_empty_data PASSED [ 65%]
server-python/tests/test_curriculum.py::test_load_curriculum PASSED      [ 68%]
server-python/tests/test_curriculum.py::test_load_curriculum_none PASSED [ 70%]
server-python/tests/test_health.py::test_health_returns_ok PASSED        [ 72%]
server-python/tests/test_journey.py::test_next_returns_3_cards PASSED    [ 75%]
server-python/tests/test_journey.py::test_next_targets_weakest PASSED    [ 77%]
server-python/tests/test_journey.py::test_next_no_profile PASSED         [ 79%]
server-python/tests/test_journey.py::test_outcomes_updates_profile PASSED [ 81%]
server-python/tests/test_journey.py::test_outcomes_idempotent PASSED     [ 84%]
server-python/tests/test_journey.py::test_outcomes_law3_flag PASSED      [ 86%]
server-python/tests/test_journey.py::test_loop_targets_new_weakest PASSED [ 88%]
server-python/tests/test_progress.py::test_complete_lesson PASSED        [ 90%]
server-python/tests/test_progress.py::test_complete_lesson_missing_fields PASSED [ 93%]
server-python/tests/test_progress.py::test_save_questions PASSED         [ 95%]
server-python/tests/test_progress.py::test_save_questions_empty PASSED   [ 97%]
server-python/tests/test_progress.py::test_progress_summary PASSED       [100%]

=============================== warnings summary ===============================
../../usr/local/lib/python3.11/dist-packages/fastapi/testclient.py:1
  /usr/local/lib/python3.11/dist-packages/fastapi/testclient.py:1: StarletteDeprecationWarning: Using `httpx` with `starlette.testclient` is deprecated; install `httpx2` instead.
    from starlette.testclient import TestClient as TestClient  # noqa

server-python/tests/test_auth.py: 4 warnings
server-python/tests/test_chat.py: 5 warnings
server-python/tests/test_cognitive.py: 8 warnings
server-python/tests/test_curriculum.py: 4 warnings
server-python/tests/test_journey.py: 7 warnings
server-python/tests/test_progress.py: 5 warnings
  /usr/local/lib/python3.11/dist-packages/jwt/api_jwt.py:147: InsecureKeyLengthWarning: The HMAC key is 26 bytes long, which is below the minimum recommended length of 32 bytes for SHA256. See RFC 7518 Section 3.2.
    return self._jws.encode(

server-python/tests/test_auth.py: 2 warnings
server-python/tests/test_chat.py: 5 warnings
server-python/tests/test_cognitive.py: 5 warnings
server-python/tests/test_curriculum.py: 4 warnings
server-python/tests/test_journey.py: 6 warnings
server-python/tests/test_progress.py: 5 warnings
  /usr/local/lib/python3.11/dist-packages/jwt/api_jwt.py:368: InsecureKeyLengthWarning: The HMAC key is 26 bytes long, which is below the minimum recommended length of 32 bytes for SHA256. See RFC 7518 Section 3.2.
    decoded = self.decode_complete(

-- Docs: https://docs.pytest.org/en/stable/how-to/capture-warnings.html
======================= 44 passed, 61 warnings in 0.94s ========================
